0 info it worked if it ends with ok
1 verbose cli [ '/usr/local/bin/node',
1 verbose cli   '/usr/local/bin/npm',
1 verbose cli   'install',
1 verbose cli   '--save-dev',
1 verbose cli   'gulp',
1 verbose cli   'gulp-style' ]
2 info using npm@2.0.0
3 info using node@v0.11.14
4 verbose readDependencies using package.json deps
5 verbose cache add [ 'gulp', null ]
6 verbose cache add spec="gulp" args=["gulp",null]
7 verbose parsed spec { raw: 'gulp',
7 verbose parsed spec   scope: null,
7 verbose parsed spec   name: 'gulp',
7 verbose parsed spec   rawSpec: '',
7 verbose parsed spec   spec: '*',
7 verbose parsed spec   type: 'range' }
8 verbose cache add [ 'gulp-style', null ]
9 verbose cache add spec="gulp-style" args=["gulp-style",null]
10 verbose parsed spec { raw: 'gulp-style',
10 verbose parsed spec   scope: null,
10 verbose parsed spec   name: 'gulp-style',
10 verbose parsed spec   rawSpec: '',
10 verbose parsed spec   spec: '*',
10 verbose parsed spec   type: 'range' }
11 verbose parsed spec { raw: 'gulp',
11 verbose parsed spec   scope: null,
11 verbose parsed spec   name: 'gulp',
11 verbose parsed spec   rawSpec: '',
11 verbose parsed spec   spec: '*',
11 verbose parsed spec   type: 'range' }
12 verbose addNamed [ 'gulp', '*' ]
13 verbose addNamed [ null, '*' ]
14 verbose parsed spec { raw: 'gulp-style',
14 verbose parsed spec   scope: null,
14 verbose parsed spec   name: 'gulp-style',
14 verbose parsed spec   rawSpec: '',
14 verbose parsed spec   spec: '*',
14 verbose parsed spec   type: 'range' }
15 verbose addNamed [ 'gulp-style', '*' ]
16 verbose addNamed [ null, '*' ]
17 silly lockFile 51046861-gulp gulp@*
18 verbose lock gulp@* /home/igor/.npm/51046861-gulp.lock
19 silly lockFile 02fa2700-gulp-style gulp-style@*
20 verbose lock gulp-style@* /home/igor/.npm/02fa2700-gulp-style.lock
21 silly addNameRange { name: 'gulp', range: '*', hasData: false }
22 verbose mapToRegistry name gulp
23 verbose mapToRegistry uri https://registry.npmjs.org/gulp
24 verbose request on initialization, where is /gulp
25 verbose request after pass 1, where is /gulp
26 verbose request url raw /gulp
27 verbose request resolving registry [ 'https://registry.npmjs.org/', './gulp' ]
28 verbose request after pass 2, where is https://registry.npmjs.org/gulp
29 verbose request no auth needed
30 info attempt registry request try #1 at 17:08:38
31 verbose request id 27095e1d52f7a39d
32 verbose etag "2DEY9IPVMOHV3IOFP6HRSNX2Z"
33 http request GET https://registry.npmjs.org/gulp
34 silly addNameRange { name: 'gulp-style', range: '*', hasData: false }
35 verbose mapToRegistry name gulp-style
36 verbose mapToRegistry uri https://registry.npmjs.org/gulp-style
37 verbose request on initialization, where is /gulp-style
38 verbose request after pass 1, where is /gulp-style
39 verbose request url raw /gulp-style
40 verbose request resolving registry [ 'https://registry.npmjs.org/', './gulp-style' ]
41 verbose request after pass 2, where is https://registry.npmjs.org/gulp-style
42 verbose request no auth needed
43 info attempt registry request try #1 at 17:08:38
44 http request GET https://registry.npmjs.org/gulp-style
45 http 404 https://registry.npmjs.org/gulp-style
46 verbose headers { date: 'Fri, 09 Jan 2015 19:08:39 GMT',
46 verbose headers   server: 'CouchDB/1.5.0 (Erlang OTP/R16B03)',
46 verbose headers   'content-type': 'application/json',
46 verbose headers   'cache-control': 'max-age=0',
46 verbose headers   'content-length': '52',
46 verbose headers   'accept-ranges': 'bytes',
46 verbose headers   via: '1.1 varnish',
46 verbose headers   age: '0',
46 verbose headers   'x-served-by': 'cache-atl6229-ATL',
46 verbose headers   'x-cache': 'MISS',
46 verbose headers   'x-cache-hits': '0',
46 verbose headers   'x-timer': 'S1420830519.611253,VS0,VE76',
46 verbose headers   connection: 'close' }
47 silly registry.get cb [ 404,
47 silly registry.get   { date: 'Fri, 09 Jan 2015 19:08:39 GMT',
47 silly registry.get     server: 'CouchDB/1.5.0 (Erlang OTP/R16B03)',
47 silly registry.get     'content-type': 'application/json',
47 silly registry.get     'cache-control': 'max-age=0',
47 silly registry.get     'content-length': '52',
47 silly registry.get     'accept-ranges': 'bytes',
47 silly registry.get     via: '1.1 varnish',
47 silly registry.get     age: '0',
47 silly registry.get     'x-served-by': 'cache-atl6229-ATL',
47 silly registry.get     'x-cache': 'MISS',
47 silly registry.get     'x-cache-hits': '0',
47 silly registry.get     'x-timer': 'S1420830519.611253,VS0,VE76',
47 silly registry.get     connection: 'close' } ]
48 silly lockFile 02fa2700-gulp-style gulp-style@*
49 silly lockFile 02fa2700-gulp-style gulp-style@*
50 http 304 https://registry.npmjs.org/gulp
51 silly registry.get cb [ 304,
51 silly registry.get   { date: 'Fri, 09 Jan 2015 19:08:39 GMT',
51 silly registry.get     server: 'Apache',
51 silly registry.get     via: '1.1 varnish',
51 silly registry.get     'last-modified': 'Fri, 09 Jan 2015 19:08:39 GMT',
51 silly registry.get     'cache-control': 'max-age=60',
51 silly registry.get     etag: '"2DEY9IPVMOHV3IOFP6HRSNX2Z"',
51 silly registry.get     age: '0',
51 silly registry.get     'x-served-by': 'cache-jfk1021-JFK',
51 silly registry.get     'x-cache': 'HIT',
51 silly registry.get     'x-cache-hits': '1',
51 silly registry.get     'x-timer': 'S1420830519.620389,VS0,VE86',
51 silly registry.get     vary: 'Accept',
51 silly registry.get     'content-length': '0',
51 silly registry.get     connection: 'close' } ]
52 verbose etag https://registry.npmjs.org/gulp from cache
53 silly addNameRange number 2 { name: 'gulp', range: '*', hasData: true }
54 silly addNameRange versions [ 'gulp',
54 silly addNameRange   [ '0.0.1',
54 silly addNameRange     '0.0.2',
54 silly addNameRange     '0.0.3',
54 silly addNameRange     '0.0.4',
54 silly addNameRange     '0.0.5',
54 silly addNameRange     '0.0.7',
54 silly addNameRange     '0.0.8',
54 silly addNameRange     '0.0.9',
54 silly addNameRange     '0.1.0',
54 silly addNameRange     '0.2.0',
54 silly addNameRange     '1.0.0',
54 silly addNameRange     '1.1.0',
54 silly addNameRange     '1.2.0',
54 silly addNameRange     '1.2.1',
54 silly addNameRange     '2.0.0',
54 silly addNameRange     '2.0.1',
54 silly addNameRange     '2.1.0',
54 silly addNameRange     '2.2.0',
54 silly addNameRange     '2.3.0',
54 silly addNameRange     '2.4.0',
54 silly addNameRange     '2.4.1',
54 silly addNameRange     '2.6.0',
54 silly addNameRange     '2.6.1',
54 silly addNameRange     '2.7.0',
54 silly addNameRange     '3.0.0',
54 silly addNameRange     '3.1.1',
54 silly addNameRange     '3.1.2',
54 silly addNameRange     '3.1.3',
54 silly addNameRange     '3.1.4',
54 silly addNameRange     '3.2.0',
54 silly addNameRange     '3.2.1',
54 silly addNameRange     '3.2.2',
54 silly addNameRange     '3.2.3',
54 silly addNameRange     '3.2.4',
54 silly addNameRange     '3.2.5',
54 silly addNameRange     '3.3.0',
54 silly addNameRange     '3.3.1',
54 silly addNameRange     '3.3.2',
54 silly addNameRange     '3.3.4',
54 silly addNameRange     '3.4.0',
54 silly addNameRange     '3.5.0',
54 silly addNameRange     '3.5.1',
54 silly addNameRange     '3.5.2',
54 silly addNameRange     '3.5.5',
54 silly addNameRange     '3.5.6',
54 silly addNameRange     '3.6.0',
54 silly addNameRange     '3.6.1',
54 silly addNameRange     '3.6.2',
54 silly addNameRange     '3.7.0',
54 silly addNameRange     '3.8.0',
54 silly addNameRange     '3.8.1',
54 silly addNameRange     '3.8.2',
54 silly addNameRange     '3.8.3',
54 silly addNameRange     '3.8.4',
54 silly addNameRange     '3.8.5',
54 silly addNameRange     '3.8.6',
54 silly addNameRange     '3.8.7',
54 silly addNameRange     '3.8.8',
54 silly addNameRange     '3.8.9',
54 silly addNameRange     '3.8.10' ] ]
55 verbose addNamed [ 'gulp', '3.8.10' ]
56 verbose addNamed [ '3.8.10', '3.8.10' ]
57 silly lockFile f843d0d7-gulp-3-8-10 gulp@3.8.10
58 verbose lock gulp@3.8.10 /home/igor/.npm/f843d0d7-gulp-3-8-10.lock
59 silly lockFile f843d0d7-gulp-3-8-10 gulp@3.8.10
60 silly lockFile f843d0d7-gulp-3-8-10 gulp@3.8.10
61 silly lockFile 51046861-gulp gulp@*
62 silly lockFile 51046861-gulp gulp@*
63 verbose stack Error: 404 Not Found: gulp-style
63 verbose stack     at RegClient.<anonymous> (/usr/local/lib/node_modules/npm/node_modules/npm-registry-client/lib/request.js:259:14)
63 verbose stack     at Request._callback (/usr/local/lib/node_modules/npm/node_modules/npm-registry-client/lib/request.js:198:65)
63 verbose stack     at Request.self.callback (/usr/local/lib/node_modules/npm/node_modules/request/request.js:236:22)
63 verbose stack     at Request.emit (events.js:110:17)
63 verbose stack     at Request.<anonymous> (/usr/local/lib/node_modules/npm/node_modules/request/request.js:1142:14)
63 verbose stack     at Request.emit (events.js:129:20)
63 verbose stack     at IncomingMessage.<anonymous> (/usr/local/lib/node_modules/npm/node_modules/request/request.js:1096:12)
63 verbose stack     at IncomingMessage.emit (events.js:129:20)
63 verbose stack     at _stream_readable.js:907:16
63 verbose stack     at process._tickCallback (node.js:372:11)
64 verbose statusCode 404
65 verbose pkgid gulp-style
66 verbose cwd /home/igor/GitHub/myapp
67 error Linux 3.13.0-43-generic
68 error argv "/usr/local/bin/node" "/usr/local/bin/npm" "install" "--save-dev" "gulp" "gulp-style"
69 error node v0.11.14
70 error npm  v2.0.0
71 error code E404
72 error 404 Not Found: gulp-style
72 error 404
72 error 404 'gulp-style' is not in the npm registry.
72 error 404 You should bug the author to publish it (or use the name yourself!)
72 error 404 It was specified as a dependency of 'myapp'
72 error 404
72 error 404 Note that you can also install from a
72 error 404 tarball, folder, http url, or git url.
73 verbose exit [ 1, true ]
